# JRE version: Java(TM) SE Runtime Environment (16.0.1+9) (build 16.0.1+9-24)
# Java VM: Java HotSpot(TM) 64-Bit Server VM (16.0.1+9-24, mixed mode, sharing, tiered, compressed oops, compressed class ptrs, g1 gc, windows-amd64)
GC Precious Log:
 CPUs: 12 total, 12 available
 Memory: 16221M
 Large Page Support: Disabled
 NUMA Support: Disabled
 Compressed Oops: Enabled (32-bit)
 Heap Region Size: 1M
 Heap Min Capacity: 256M
 Heap Initial Capacity: 256M
 Heap Max Capacity: 512M
 Pre-touch: Disabled
 Parallel Workers: 10
 Concurrent Workers: 3
 Concurrent Refinement Workers: 10
 Periodic GC: Disabled
Heap:
 garbage-first heap   total 262144K, used 26959K [0x00000000e0000000, 0x0000000100000000)
  region size 1024K, 19 young (19456K), 11 survivors (11264K)
 Metaspace       used 22610K, committed 22912K, reserved 237568K
  class space    used 3263K, committed 3392K, reserved 212992K
GC Heap History (6 events):
Event: 2.010 GC heap before
{Heap before GC invocations=0 (full 0):
 garbage-first heap   total 262144K, used 28672K [0x00000000e0000000, 0x0000000100000000)
  region size 1024K, 23 young (23552K), 0 survivors (0K)
 Metaspace       used 3820K, committed 4032K, reserved 221184K
  class space    used 468K, committed 576K, reserved 212992K
}
Event: 2.014 GC heap after
{Heap after GC invocations=1 (full 0):
 garbage-first heap   total 262144K, used 8866K [0x00000000e0000000, 0x0000000100000000)
  region size 1024K, 3 young (3072K), 3 survivors (3072K)
 Metaspace       used 3820K, committed 4032K, reserved 221184K
  class space    used 468K, committed 576K, reserved 212992K
}
Event: 67.853 GC heap before
{Heap before GC invocations=1 (full 0):
 garbage-first heap   total 262144K, used 36514K [0x00000000e0000000, 0x0000000100000000)
  region size 1024K, 31 young (31744K), 3 survivors (3072K)
 Metaspace       used 3986K, committed 4160K, reserved 221184K
  class space    used 469K, committed 576K, reserved 212992K
}
Event: 67.856 GC heap after
{Heap after GC invocations=2 (full 0):
 garbage-first heap   total 262144K, used 13196K [0x00000000e0000000, 0x0000000100000000)
  region size 1024K, 4 young (4096K), 4 survivors (4096K)
 Metaspace       used 3986K, committed 4160K, reserved 221184K
  class space    used 469K, committed 576K, reserved 212992K
}
Event: 124.238 GC heap before
{Heap before GC invocations=2 (full 0):
 garbage-first heap   total 262144K, used 109452K [0x00000000e0000000, 0x0000000100000000)
  region size 1024K, 99 young (101376K), 4 survivors (4096K)
 Metaspace       used 20972K, committed 21248K, reserved 237568K
  class space    used 3091K, committed 3264K, reserved 212992K
}
Event: 124.263 GC heap after
{Heap after GC invocations=3 (full 0):
 garbage-first heap   total 262144K, used 19791K [0x00000000e0000000, 0x0000000100000000)
  region size 1024K, 11 young (11264K), 11 survivors (11264K)
 Metaspace       used 20972K, committed 21248K, reserved 237568K
  class space    used 3091K, committed 3264K, reserved 212992K
}

